<?xml version="1.0" encoding="UTF-8"?>
<testng-results skipped="0" failed="1" ignored="0" total="10" passed="9">
  <reporter-output>
  </reporter-output>
  <suite name="TestSuite" duration-ms="15332" started-at="2018-08-03T17:00:36Z" finished-at="2018-08-03T17:00:52Z">
    <groups>
    </groups>
    <test name="Testing" duration-ms="15332" started-at="2018-08-03T17:00:36Z" finished-at="2018-08-03T17:00:52Z">
      <class name="tests.LogInPageTest">
        <test-method status="PASS" signature="SetUp()[pri:0, instance:tests.LogInPageTest@6767c1fc]" name="SetUp" is-config="true" duration-ms="3876" started-at="2018-08-03T17:00:36Z" finished-at="2018-08-03T17:00:40Z">
          <reporter-output>
          </reporter-output>
        </test-method> <!-- SetUp -->
        <test-method status="PASS" signature="signUp()[pri:0, instance:tests.LogInPageTest@6767c1fc]" name="signUp" duration-ms="1578" started-at="2018-08-03T17:00:40Z" finished-at="2018-08-03T17:00:42Z">
          <reporter-output>
          </reporter-output>
        </test-method> <!-- signUp -->
        <test-method status="PASS" signature="emptyMail()[pri:1, instance:tests.LogInPageTest@6767c1fc]" name="emptyMail" duration-ms="1174" started-at="2018-08-03T17:00:42Z" finished-at="2018-08-03T17:00:43Z">
          <reporter-output>
          </reporter-output>
        </test-method> <!-- emptyMail -->
        <test-method status="FAIL" signature="emptyPass()[pri:2, instance:tests.LogInPageTest@6767c1fc]" name="emptyPass" duration-ms="1147" started-at="2018-08-03T17:00:43Z" finished-at="2018-08-03T17:00:44Z">
          <exception class="java.lang.IndexOutOfBoundsException">
            <message>
              <![CDATA[Index: 1, Size: 1]]>
            </message>
            <full-stacktrace>
              <![CDATA[java.lang.IndexOutOfBoundsException: Index: 1, Size: 1
at java.util.ArrayList.rangeCheck(Unknown Source)
at java.util.ArrayList.get(Unknown Source)
at sun.reflect.NativeMethodAccessorImpl.invoke0(Native Method)
at sun.reflect.NativeMethodAccessorImpl.invoke(Unknown Source)
at sun.reflect.DelegatingMethodAccessorImpl.invoke(Unknown Source)
at java.lang.reflect.Method.invoke(Unknown Source)
at org.openqa.selenium.support.pagefactory.internal.LocatingElementListHandler.invoke(LocatingElementListHandler.java:39)
at com.sun.proxy.$Proxy10.get(Unknown Source)
at pages.LogInPage.msgPass(LogInPage.java:74)
at tests.LogInPageTest.emptyPass(LogInPageTest.java:36)
at sun.reflect.NativeMethodAccessorImpl.invoke0(Native Method)
at sun.reflect.NativeMethodAccessorImpl.invoke(Unknown Source)
at sun.reflect.DelegatingMethodAccessorImpl.invoke(Unknown Source)
at java.lang.reflect.Method.invoke(Unknown Source)
at org.testng.internal.MethodInvocationHelper.invokeMethod(MethodInvocationHelper.java:124)
at org.testng.internal.Invoker.invokeMethod(Invoker.java:580)
at org.testng.internal.Invoker.invokeTestMethod(Invoker.java:716)
at org.testng.internal.Invoker.invokeTestMethods(Invoker.java:988)
at org.testng.internal.TestMethodWorker.invokeTestMethods(TestMethodWorker.java:125)
at org.testng.internal.TestMethodWorker.run(TestMethodWorker.java:109)
at org.testng.TestRunner.privateRun(TestRunner.java:648)
at org.testng.TestRunner.run(TestRunner.java:505)
at org.testng.SuiteRunner.runTest(SuiteRunner.java:455)
at org.testng.SuiteRunner.runSequentially(SuiteRunner.java:450)
at org.testng.SuiteRunner.privateRun(SuiteRunner.java:415)
at org.testng.SuiteRunner.run(SuiteRunner.java:364)
at org.testng.SuiteRunnerWorker.runSuite(SuiteRunnerWorker.java:52)
at org.testng.SuiteRunnerWorker.run(SuiteRunnerWorker.java:84)
at org.testng.TestNG.runSuitesSequentially(TestNG.java:1208)
at org.testng.TestNG.runSuitesLocally(TestNG.java:1137)
at org.testng.TestNG.runSuites(TestNG.java:1049)
at org.testng.TestNG.run(TestNG.java:1017)
at org.testng.remote.AbstractRemoteTestNG.run(AbstractRemoteTestNG.java:114)
at org.testng.remote.RemoteTestNG.initAndRun(RemoteTestNG.java:251)
at org.testng.remote.RemoteTestNG.main(RemoteTestNG.java:77)
]]>
            </full-stacktrace>
          </exception> <!-- java.lang.IndexOutOfBoundsException -->
          <reporter-output>
          </reporter-output>
        </test-method> <!-- emptyPass -->
        <test-method status="PASS" signature="emptyMailAndPass()[pri:3, instance:tests.LogInPageTest@6767c1fc]" name="emptyMailAndPass" duration-ms="1117" started-at="2018-08-03T17:00:44Z" finished-at="2018-08-03T17:00:45Z">
          <reporter-output>
          </reporter-output>
        </test-method> <!-- emptyMailAndPass -->
        <test-method status="PASS" signature="invalidPass()[pri:4, instance:tests.LogInPageTest@6767c1fc]" name="invalidPass" duration-ms="1587" started-at="2018-08-03T17:00:45Z" finished-at="2018-08-03T17:00:47Z">
          <reporter-output>
          </reporter-output>
        </test-method> <!-- invalidPass -->
        <test-method status="PASS" signature="invalidEmail()[pri:5, instance:tests.LogInPageTest@6767c1fc]" name="invalidEmail" duration-ms="1447" started-at="2018-08-03T17:00:47Z" finished-at="2018-08-03T17:00:48Z">
          <reporter-output>
          </reporter-output>
        </test-method> <!-- invalidEmail -->
        <test-method status="PASS" signature="passleast6greater20()[pri:6, instance:tests.LogInPageTest@6767c1fc]" name="passleast6greater20" duration-ms="1607" started-at="2018-08-03T17:00:48Z" finished-at="2018-08-03T17:00:50Z">
          <reporter-output>
          </reporter-output>
        </test-method> <!-- passleast6greater20 -->
        <test-method status="PASS" signature="loginInvalidName()[pri:7, instance:tests.LogInPageTest@6767c1fc]" name="loginInvalidName" duration-ms="681" started-at="2018-08-03T17:00:50Z" finished-at="2018-08-03T17:00:51Z">
          <reporter-output>
          </reporter-output>
        </test-method> <!-- loginInvalidName -->
        <test-method status="PASS" signature="ShowPassword()[pri:8, instance:tests.LogInPageTest@6767c1fc]" name="ShowPassword" duration-ms="562" started-at="2018-08-03T17:00:51Z" finished-at="2018-08-03T17:00:51Z">
          <reporter-output>
          </reporter-output>
        </test-method> <!-- ShowPassword -->
        <test-method status="PASS" signature="allOk()[pri:9, instance:tests.LogInPageTest@6767c1fc]" name="allOk" duration-ms="464" started-at="2018-08-03T17:00:51Z" finished-at="2018-08-03T17:00:52Z">
          <reporter-output>
          </reporter-output>
        </test-method> <!-- allOk -->
        <test-method status="PASS" signature="tearDown()[pri:0, instance:tests.LogInPageTest@6767c1fc]" name="tearDown" is-config="true" duration-ms="64" started-at="2018-08-03T17:00:52Z" finished-at="2018-08-03T17:00:52Z">
          <reporter-output>
          </reporter-output>
        </test-method> <!-- tearDown -->
      </class> <!-- tests.LogInPageTest -->
    </test> <!-- Testing -->
  </suite> <!-- TestSuite -->
</testng-results>
